App/build/outputs/logs/manifest-merger-debug-report.txt
-- Merging decision tree log ---
manifest
ADDED from src\main\AndroidManifest.xml:2:1-48:12
INJECTED from src\main\AndroidManifest.xml:2:1-48:12
INJECTED from src\main\AndroidManifest.xml:2:1-48:12
INJECTED from src\main\AndroidManifest.xml:2:1-48:12
MERGED from [com.journeyapps:zxing-android-embedded:3.5.0] AndroidManifest.xml:17:1-55:12
MERGED from [com.prolificinteractive:material-calendarview:1.4.3] AndroidManifest.xml:2:1-14:12
MERGED from [com.estimote:sdk:1.0.12] AndroidManifest.xml:2:1-17:12
MERGED from [com.android.support:appcompat-v7:26.1.0] AndroidManifest.xml:17:1-31:12
MERGED from [com.android.support.constraint:constraint-layout:1.0.2] AndroidManifest.xml:2:1-11:12
MERGED from [com.android.support:support-v4:26.1.0] AndroidManifest.xml:17:1-31:12
MERGED from [com.estimote:mgmtsdk:1.0.11] AndroidManifest.xml:2:1-29:12
MERGED from [com.estimote:management-sdk:0.0.2] AndroidManifest.xml:2:1-16:12
MERGED from [com.estimote:cloud-plugin:0.0.2] AndroidManifest.xml:2:1-16:12
MERGED from [com.estimote:internal-plugins-api:0.0.1] AndroidManifest.xml:2:1-16:12
MERGED from [com.estimote:coresdk:1.0.9] AndroidManifest.xml:2:1-34:12
MERGED from [com.android.support:animated-vector-drawable:26.1.0] AndroidManifest.xml:17:1-28:12
MERGED from [com.android.support:support-vector-drawable:26.1.0] AndroidManifest.xml:17:1-28:12
MERGED from [com.android.support:support-fragment:26.1.0] AndroidManifest.xml:17:1-31:12
MERGED from [com.android.support:support-core-ui:26.1.0] AndroidManifest.xml:17:1-31:12
MERGED from [com.android.support:support-media-compat:26.1.0] AndroidManifest.xml:17:1-31:12
MERGED from [com.android.support:support-core-utils:26.1.0] AndroidManifest.xml:17:1-31:12
MERGED from [com.android.support:support-compat:26.1.0] AndroidManifest.xml:17:1-31:12
MERGED from [io.reactivex.rxjava2:rxandroid:2.0.1] AndroidManifest.xml:15:1-21:12
MERGED from [android.arch.lifecycle:runtime:1.0.0] AndroidManifest.xml:17:1-30:12
INJECTED from src\main\AndroidManifest.xml:2:1-48:12
INJECTED from src\main\AndroidManifest.xml:2:1-48:12
INJECTED from src\main\AndroidManifest.xml:2:1-48:12
	package
		ADDED from src\main\AndroidManifest.xml:3:5-47
		INJECTED from src\main\AndroidManifest.xml
		INJECTED from src\main\AndroidManifest.xml
	android:versionName
		INJECTED from src\main\AndroidManifest.xml
		ADDED from src\main\AndroidManifest.xml:2:1-48:12
		INJECTED from src\main\AndroidManifest.xml
	android:versionCode
		INJECTED from src\main\AndroidManifest.xml
		ADDED from src\main\AndroidManifest.xml:2:1-48:12
		INJECTED from src\main\AndroidManifest.xml
	xmlns:android
		ADDED from src\main\AndroidManifest.xml:2:11-69
uses-feature#android.hardware.camera
ADDED from src\main\AndroidManifest.xml:5:5-60
MERGED from [com.journeyapps:zxing-android-embedded:3.5.0] AndroidManifest.xml:24:5-26:36
MERGED from [com.journeyapps:zxing-android-embedded:3.5.0] AndroidManifest.xml:24:5-26:36
	android:name
		ADDED from src\main\AndroidManifest.xml:5:19-57
uses-permission#android.permission.CAMERA
ADDED from src\main\AndroidManifest.xml:7:5-65
MERGED from [com.journeyapps:zxing-android-embedded:3.5.0] AndroidManifest.xml:21:5-65
MERGED from [com.journeyapps:zxing-android-embedded:3.5.0] AndroidManifest.xml:21:5-65
	android:name
		ADDED from src\main\AndroidManifest.xml:7:22-62
uses-permission#android.permission.FLASHLIGHT
ADDED from src\main\AndroidManifest.xml:8:5-69
	android:name
		ADDED from src\main\AndroidManifest.xml:8:22-66
uses-permission#android.permission.WRITE_EXTERNAL_STORAGE
ADDED from src\main\AndroidManifest.xml:9:5-81
	android:name
		ADDED from src\main\AndroidManifest.xml:9:22-78
uses-permission#android.permission.INTERNET
ADDED from src\main\AndroidManifest.xml:10:5-67
MERGED from [com.estimote:mgmtsdk:1.0.11] AndroidManifest.xml:15:5-67
MERGED from [com.estimote:mgmtsdk:1.0.11] AndroidManifest.xml:15:5-67
MERGED from [com.estimote:coresdk:1.0.9] AndroidManifest.xml:15:5-67
MERGED from [com.estimote:coresdk:1.0.9] AndroidManifest.xml:15:5-67
	android:name
		ADDED from src\main\AndroidManifest.xml:10:22-64
uses-permission#android.permission.ACCESS_COARSE_LOCATION
ADDED from src\main\AndroidManifest.xml:12:5-80
	android:name
		ADDED from src\main\AndroidManifest.xml:12:22-78
uses-permission#android.permission.BLUETOOTH
ADDED from src\main\AndroidManifest.xml:13:5-67
MERGED from [com.estimote:mgmtsdk:1.0.11] AndroidManifest.xml:10:5-68
MERGED from [com.estimote:mgmtsdk:1.0.11] AndroidManifest.xml:10:5-68
MERGED from [com.estimote:coresdk:1.0.9] AndroidManifest.xml:10:5-68
MERGED from [com.estimote:coresdk:1.0.9] AndroidManifest.xml:10:5-68
	android:name
		ADDED from src\main\AndroidManifest.xml:13:22-65
uses-permission#android.permission.BLUETOOTH_ADMIN
ADDED from src\main\AndroidManifest.xml:14:5-73
MERGED from [com.estimote:mgmtsdk:1.0.11] AndroidManifest.xml:11:5-74
MERGED from [com.estimote:mgmtsdk:1.0.11] AndroidManifest.xml:11:5-74
MERGED from [com.estimote:coresdk:1.0.9] AndroidManifest.xml:11:5-74
MERGED from [com.estimote:coresdk:1.0.9] AndroidManifest.xml:11:5-74
	android:name
		ADDED from src\main\AndroidManifest.xml:14:22-71
application
ADDED from src\main\AndroidManifest.xml:16:5-46:19
MERGED from [com.journeyapps:zxing-android-embedded:3.5.0] AndroidManifest.xml:45:5-53:19
MERGED from [com.journeyapps:zxing-android-embedded:3.5.0] AndroidManifest.xml:45:5-53:19
MERGED from [com.prolificinteractive:material-calendarview:1.4.3] AndroidManifest.xml:12:5-20
MERGED from [com.prolificinteractive:material-calendarview:1.4.3] AndroidManifest.xml:12:5-20
MERGED from [com.estimote:sdk:1.0.12] AndroidManifest.xml:11:5-15:19
MERGED from [com.estimote:sdk:1.0.12] AndroidManifest.xml:11:5-15:19
MERGED from [com.android.support:appcompat-v7:26.1.0] AndroidManifest.xml:25:5-29:19
MERGED from [com.android.support:appcompat-v7:26.1.0] AndroidManifest.xml:25:5-29:19
MERGED from [com.android.support.constraint:constraint-layout:1.0.2] AndroidManifest.xml:9:5-20
MERGED from [com.android.support.constraint:constraint-layout:1.0.2] AndroidManifest.xml:9:5-20
MERGED from [com.android.support:support-v4:26.1.0] AndroidManifest.xml:25:5-29:19
MERGED from [com.android.support:support-v4:26.1.0] AndroidManifest.xml:25:5-29:19
MERGED from [com.estimote:mgmtsdk:1.0.11] AndroidManifest.xml:22:5-27:19
MERGED from [com.estimote:mgmtsdk:1.0.11] AndroidManifest.xml:22:5-27:19
MERGED from [com.estimote:management-sdk:0.0.2] AndroidManifest.xml:11:5-14:19
MERGED from [com.estimote:management-sdk:0.0.2] AndroidManifest.xml:11:5-14:19
MERGED from [com.estimote:cloud-plugin:0.0.2] AndroidManifest.xml:11:5-14:19
MERGED from [com.estimote:cloud-plugin:0.0.2] AndroidManifest.xml:11:5-14:19
MERGED from [com.estimote:internal-plugins-api:0.0.1] AndroidManifest.xml:11:5-14:19
MERGED from [com.estimote:internal-plugins-api:0.0.1] AndroidManifest.xml:11:5-14:19
MERGED from [com.estimote:coresdk:1.0.9] AndroidManifest.xml:22:5-32:19
MERGED from [com.estimote:coresdk:1.0.9] AndroidManifest.xml:22:5-32:19
MERGED from [com.android.support:animated-vector-drawable:26.1.0] AndroidManifest.xml:22:5-26:19
MERGED from [com.android.support:animated-vector-drawable:26.1.0] AndroidManifest.xml:22:5-26:19
MERGED from [com.android.support:support-vector-drawable:26.1.0] AndroidManifest.xml:22:5-26:19
MERGED from [com.android.support:support-vector-drawable:26.1.0] AndroidManifest.xml:22:5-26:19
MERGED from [com.android.support:support-fragment:26.1.0] AndroidManifest.xml:25:5-29:19
MERGED from [com.android.support:support-fragment:26.1.0] AndroidManifest.xml:25:5-29:19
MERGED from [com.android.support:support-core-ui:26.1.0] AndroidManifest.xml:25:5-29:19
MERGED from [com.android.support:support-core-ui:26.1.0] AndroidManifest.xml:25:5-29:19
MERGED from [com.android.support:support-media-compat:26.1.0] AndroidManifest.xml:25:5-29:19
MERGED from [com.android.support:support-media-compat:26.1.0] AndroidManifest.xml:25:5-29:19
MERGED from [com.android.support:support-core-utils:26.1.0] AndroidManifest.xml:25:5-29:19
MERGED from [com.android.support:support-core-utils:26.1.0] AndroidManifest.xml:25:5-29:19
MERGED from [com.android.support:support-compat:26.1.0] AndroidManifest.xml:25:5-29:19
MERGED from [com.android.support:support-compat:26.1.0] AndroidManifest.xml:25:5-29:19
MERGED from [android.arch.lifecycle:runtime:1.0.0] AndroidManifest.xml:24:5-28:19
MERGED from [android.arch.lifecycle:runtime:1.0.0] AndroidManifest.xml:24:5-28:19
	android:supportsRtl
		ADDED from src\main\AndroidManifest.xml:22:9-35
	android:label
		ADDED from src\main\AndroidManifest.xml:20:9-41
	android:roundIcon
		ADDED from src\main\AndroidManifest.xml:21:9-54
	android:icon
		ADDED from src\main\AndroidManifest.xml:19:9-38
	android:allowBackup
		ADDED from src\main\AndroidManifest.xml:18:9-35
	android:theme
		ADDED from src\main\AndroidManifest.xml:23:9-40
	android:name
		ADDED from src\main\AndroidManifest.xml:17:9-38
activity#com.example.clarinet.scannertest.MainActivity
ADDED from src\main\AndroidManifest.xml:24:9-59
	android:name
		ADDED from src\main\AndroidManifest.xml:24:19-47
activity#com.example.clarinet.scannertest.StartActivity
ADDED from src\main\AndroidManifest.xml:25:9-34:20
	android:theme
		ADDED from src\main\AndroidManifest.xml:27:13-47
	android:name
		ADDED from src\main\AndroidManifest.xml:26:13-42
intent-filter#android.intent.action.MAIN+android.intent.category.LAUNCHER
ADDED from src\main\AndroidManifest.xml:29:13-33:29
action#android.intent.action.MAIN
ADDED from src\main\AndroidManifest.xml:30:17-69
	android:name
		ADDED from src\main\AndroidManifest.xml:30:25-66
category#android.intent.category.LAUNCHER
ADDED from src\main\AndroidManifest.xml:32:17-77
	android:name
		ADDED from src\main\AndroidManifest.xml:32:27-74
activity#com.example.clarinet.scannertest.AnyOrientationCaptureActivity
ADDED from src\main\AndroidManifest.xml:35:9-40:72
	android:screenOrientation
		ADDED from src\main\AndroidManifest.xml:37:13-51
	android:stateNotNeeded
		ADDED from src\main\AndroidManifest.xml:38:13-42
	android:windowSoftInputMode
		ADDED from src\main\AndroidManifest.xml:40:13-60
	android:theme
		ADDED from src\main\AndroidManifest.xml:39:13-54
	android:name
		ADDED from src\main\AndroidManifest.xml:36:13-58
activity#com.example.clarinet.scannertest.KakaoActivity
ADDED from src\main\AndroidManifest.xml:41:9-51
	android:name
		ADDED from src\main\AndroidManifest.xml:41:19-48
activity#com.example.clarinet.scannertest.Bill
ADDED from src\main\AndroidManifest.xml:42:9-41
	android:name
		ADDED from src\main\AndroidManifest.xml:42:19-39
activity#com.example.clarinet.scannertest.Bill_activity
ADDED from src\main\AndroidManifest.xml:43:9-44:38
	android:exported
		ADDED from src\main\AndroidManifest.xml:44:13-36
	android:name
		ADDED from src\main\AndroidManifest.xml:43:19-48
activity#com.example.clarinet.scannertest.TakeBillList
ADDED from src\main\AndroidManifest.xml:45:9-49
	android:name
		ADDED from src\main\AndroidManifest.xml:45:19-47
uses-sdk
INJECTED from src\main\AndroidManifest.xml reason: use-sdk injection requested
INJECTED from src\main\AndroidManifest.xml
INJECTED from src\main\AndroidManifest.xml
MERGED from [com.journeyapps:zxing-android-embedded:3.5.0] AndroidManifest.xml:19:5-43
MERGED from [com.journeyapps:zxing-android-embedded:3.5.0] AndroidManifest.xml:19:5-43
MERGED from [com.prolificinteractive:material-calendarview:1.4.3] AndroidManifest.xml:8:5-10:41
MERGED from [com.prolificinteractive:material-calendarview:1.4.3] AndroidManifest.xml:8:5-10:41
MERGED from [com.estimote:sdk:1.0.12] AndroidManifest.xml:7:5-9:41
MERGED from [com.estimote:sdk:1.0.12] AndroidManifest.xml:7:5-9:41
MERGED from [com.android.support:appcompat-v7:26.1.0] AndroidManifest.xml:21:5-23:78
MERGED from [com.android.support:appcompat-v7:26.1.0] AndroidManifest.xml:21:5-23:78
MERGED from [com.android.support.constraint:constraint-layout:1.0.2] AndroidManifest.xml:5:5-7:41
MERGED from [com.android.support.constraint:constraint-layout:1.0.2] AndroidManifest.xml:5:5-7:41
MERGED from [com.android.support:support-v4:26.1.0] AndroidManifest.xml:21:5-23:54
MERGED from [com.android.support:support-v4:26.1.0] AndroidManifest.xml:21:5-23:54
MERGED from [com.estimote:mgmtsdk:1.0.11] AndroidManifest.xml:7:5-43
MERGED from [com.estimote:mgmtsdk:1.0.11] AndroidManifest.xml:7:5-43
MERGED from [com.estimote:management-sdk:0.0.2] AndroidManifest.xml:7:5-9:41
MERGED from [com.estimote:management-sdk:0.0.2] AndroidManifest.xml:7:5-9:41
MERGED from [com.estimote:cloud-plugin:0.0.2] AndroidManifest.xml:7:5-9:41
MERGED from [com.estimote:cloud-plugin:0.0.2] AndroidManifest.xml:7:5-9:41
MERGED from [com.estimote:internal-plugins-api:0.0.1] AndroidManifest.xml:7:5-9:41
MERGED from [com.estimote:internal-plugins-api:0.0.1] AndroidManifest.xml:7:5-9:41
MERGED from [com.estimote:coresdk:1.0.9] AndroidManifest.xml:7:5-43
MERGED from [com.estimote:coresdk:1.0.9] AndroidManifest.xml:7:5-43
MERGED from [com.android.support:animated-vector-drawable:26.1.0] AndroidManifest.xml:20:5-44
MERGED from [com.android.support:animated-vector-drawable:26.1.0] AndroidManifest.xml:20:5-44
MERGED from [com.android.support:support-vector-drawable:26.1.0] AndroidManifest.xml:20:5-44
MERGED from [com.android.support:support-vector-drawable:26.1.0] AndroidManifest.xml:20:5-44
MERGED from [com.android.support:support-fragment:26.1.0] AndroidManifest.xml:21:5-23:60
MERGED from [com.android.support:support-fragment:26.1.0] AndroidManifest.xml:21:5-23:60
MERGED from [com.android.support:support-core-ui:26.1.0] AndroidManifest.xml:21:5-23:58
MERGED from [com.android.support:support-core-ui:26.1.0] AndroidManifest.xml:21:5-23:58
MERGED from [com.android.support:support-media-compat:26.1.0] AndroidManifest.xml:21:5-23:63
MERGED from [com.android.support:support-media-compat:26.1.0] AndroidManifest.xml:21:5-23:63
MERGED from [com.android.support:support-core-utils:26.1.0] AndroidManifest.xml:21:5-23:61
MERGED from [com.android.support:support-core-utils:26.1.0] AndroidManifest.xml:21:5-23:61
MERGED from [com.android.support:support-compat:26.1.0] AndroidManifest.xml:21:5-23:58
MERGED from [com.android.support:support-compat:26.1.0] AndroidManifest.xml:21:5-23:58
MERGED from [io.reactivex.rxjava2:rxandroid:2.0.1] AndroidManifest.xml:19:5-43
MERGED from [io.reactivex.rxjava2:rxandroid:2.0.1] AndroidManifest.xml:19:5-43
MERGED from [android.arch.lifecycle:runtime:1.0.0] AndroidManifest.xml:20:5-22:41
MERGED from [android.arch.lifecycle:runtime:1.0.0] AndroidManifest.xml:20:5-22:41
INJECTED from src\main\AndroidManifest.xml
INJECTED from src\main\AndroidManifest.xml
	tools:overrideLibrary
		ADDED from [com.android.support:appcompat-v7:26.1.0] AndroidManifest.xml:23:9-75
	android:targetSdkVersion
		INJECTED from src\main\AndroidManifest.xml
		ADDED from src\main\AndroidManifest.xml
		INJECTED from src\main\AndroidManifest.xml
	android:minSdkVersion
		INJECTED from src\main\AndroidManifest.xml
		ADDED from src\main\AndroidManifest.xml
		INJECTED from src\main\AndroidManifest.xml
uses-feature#android.hardware.camera.front
ADDED from [com.journeyapps:zxing-android-embedded:3.5.0] AndroidManifest.xml:27:5-29:36
	android:required
		ADDED from [com.journeyapps:zxing-android-embedded:3.5.0] AndroidManifest.xml:29:9-33
	android:name
		ADDED from [com.journeyapps:zxing-android-embedded:3.5.0] AndroidManifest.xml:28:9-53
uses-feature#android.hardware.camera.autofocus
ADDED from [com.journeyapps:zxing-android-embedded:3.5.0] AndroidManifest.xml:32:5-34:36
	android:required
		ADDED from [com.journeyapps:zxing-android-embedded:3.5.0] AndroidManifest.xml:34:9-33
	android:name
		ADDED from [com.journeyapps:zxing-android-embedded:3.5.0] AndroidManifest.xml:33:9-57
uses-feature#android.hardware.camera.flash
ADDED from [com.journeyapps:zxing-android-embedded:3.5.0] AndroidManifest.xml:35:5-37:36
	android:required
		ADDED from [com.journeyapps:zxing-android-embedded:3.5.0] AndroidManifest.xml:37:9-33
	android:name
		ADDED from [com.journeyapps:zxing-android-embedded:3.5.0] AndroidManifest.xml:36:9-53
uses-feature#android.hardware.screen.landscape
ADDED from [com.journeyapps:zxing-android-embedded:3.5.0] AndroidManifest.xml:38:5-40:36
	android:required
		ADDED from [com.journeyapps:zxing-android-embedded:3.5.0] AndroidManifest.xml:40:9-33
	android:name
		ADDED from [com.journeyapps:zxing-android-embedded:3.5.0] AndroidManifest.xml:39:9-57
uses-feature#android.hardware.wifi
ADDED from [com.journeyapps:zxing-android-embedded:3.5.0] AndroidManifest.xml:41:5-43:36
	android:required
		ADDED from [com.journeyapps:zxing-android-embedded:3.5.0] AndroidManifest.xml:43:9-33
	android:name
		ADDED from [com.journeyapps:zxing-android-embedded:3.5.0] AndroidManifest.xml:42:9-45
activity#com.journeyapps.barcodescanner.CaptureActivity
ADDED from [com.journeyapps:zxing-android-embedded:3.5.0] AndroidManifest.xml:46:9-52:63
	android:screenOrientation
		ADDED from [com.journeyapps:zxing-android-embedded:3.5.0] AndroidManifest.xml:49:13-56
	android:clearTaskOnLaunch
		ADDED from [com.journeyapps:zxing-android-embedded:3.5.0] AndroidManifest.xml:48:13-45
	android:stateNotNeeded
		ADDED from [com.journeyapps:zxing-android-embedded:3.5.0] AndroidManifest.xml:50:13-42
	android:windowSoftInputMode
		ADDED from [com.journeyapps:zxing-android-embedded:3.5.0] AndroidManifest.xml:52:13-60
	android:theme
		ADDED from [com.journeyapps:zxing-android-embedded:3.5.0] AndroidManifest.xml:51:13-54
	android:name
		ADDED from [com.journeyapps:zxing-android-embedded:3.5.0] AndroidManifest.xml:47:13-74
meta-data#android.support.VERSION
ADDED from [com.android.support:appcompat-v7:26.1.0] AndroidManifest.xml:26:9-28:38
MERGED from [com.android.support:support-v4:26.1.0] AndroidManifest.xml:26:9-28:38
MERGED from [com.android.support:support-v4:26.1.0] AndroidManifest.xml:26:9-28:38
MERGED from [com.android.support:animated-vector-drawable:26.1.0] AndroidManifest.xml:23:9-25:38
MERGED from [com.android.support:animated-vector-drawable:26.1.0] AndroidManifest.xml:23:9-25:38
MERGED from [com.android.support:support-vector-drawable:26.1.0] AndroidManifest.xml:23:9-25:38
MERGED from [com.android.support:support-vector-drawable:26.1.0] AndroidManifest.xml:23:9-25:38
MERGED from [com.android.support:support-fragment:26.1.0] AndroidManifest.xml:26:9-28:38
MERGED from [com.android.support:support-fragment:26.1.0] AndroidManifest.xml:26:9-28:38
MERGED from [com.android.support:support-core-ui:26.1.0] AndroidManifest.xml:26:9-28:38
MERGED from [com.android.support:support-core-ui:26.1.0] AndroidManifest.xml:26:9-28:38
MERGED from [com.android.support:support-media-compat:26.1.0] AndroidManifest.xml:26:9-28:38
MERGED from [com.android.support:support-media-compat:26.1.0] AndroidManifest.xml:26:9-28:38
MERGED from [com.android.support:support-core-utils:26.1.0] AndroidManifest.xml:26:9-28:38
MERGED from [com.android.support:support-core-utils:26.1.0] AndroidManifest.xml:26:9-28:38
MERGED from [com.android.support:support-compat:26.1.0] AndroidManifest.xml:26:9-28:38
MERGED from [com.android.support:support-compat:26.1.0] AndroidManifest.xml:26:9-28:38
	android:value
		ADDED from [com.android.support:appcompat-v7:26.1.0] AndroidManifest.xml:28:13-35
	android:name
		ADDED from [com.android.support:appcompat-v7:26.1.0] AndroidManifest.xml:27:13-51
uses-permission-sdk-23#android.permission.ACCESS_COARSE_LOCATION
ADDED from [com.estimote:mgmtsdk:1.0.11] AndroidManifest.xml:13:5-88
MERGED from [com.estimote:coresdk:1.0.9] AndroidManifest.xml:13:5-88
MERGED from [com.estimote:coresdk:1.0.9] AndroidManifest.xml:13:5-88
	android:name
		ADDED from [com.estimote:mgmtsdk:1.0.11] AndroidManifest.xml:13:29-85
uses-permission#android.permission.ACCESS_NETWORK_STATE
ADDED from [com.estimote:mgmtsdk:1.0.11] AndroidManifest.xml:16:5-79
MERGED from [com.estimote:coresdk:1.0.9] AndroidManifest.xml:16:5-79
MERGED from [com.estimote:coresdk:1.0.9] AndroidManifest.xml:16:5-79
	android:name
		ADDED from [com.estimote:mgmtsdk:1.0.11] AndroidManifest.xml:16:22-76
uses-feature#android.hardware.bluetooth_le
ADDED from [com.estimote:mgmtsdk:1.0.11] AndroidManifest.xml:18:5-20:36
MERGED from [com.estimote:coresdk:1.0.9] AndroidManifest.xml:18:5-20:36
MERGED from [com.estimote:coresdk:1.0.9] AndroidManifest.xml:18:5-20:36
	android:required
		ADDED from [com.estimote:mgmtsdk:1.0.11] AndroidManifest.xml:20:9-33
	android:name
		ADDED from [com.estimote:mgmtsdk:1.0.11] AndroidManifest.xml:19:9-53
service#com.estimote.mgmtsdk.connection.strategy.DeviceConnectionProviderService
ADDED from [com.estimote:mgmtsdk:1.0.11] AndroidManifest.xml:23:9-25:40
	android:exported
		ADDED from [com.estimote:mgmtsdk:1.0.11] AndroidManifest.xml:25:13-37
	android:name
		ADDED from [com.estimote:mgmtsdk:1.0.11] AndroidManifest.xml:24:13-100
service#com.estimote.mgmtsdk.repackaged.dfu_v0_6_1.no.nordicsemi.android.dfu.DfuBaseService
ADDED from [com.estimote:mgmtsdk:1.0.11] AndroidManifest.xml:26:9-119
	android:name
		ADDED from [com.estimote:mgmtsdk:1.0.11] AndroidManifest.xml:26:18-116
service#com.estimote.coresdk.service.BeaconService
ADDED from [com.estimote:coresdk:1.0.9] AndroidManifest.xml:23:9-25:40
	android:exported
		ADDED from [com.estimote:coresdk:1.0.9] AndroidManifest.xml:25:13-37
	android:name
		ADDED from [com.estimote:coresdk:1.0.9] AndroidManifest.xml:24:13-70
activity#com.estimote.coresdk.common.requirements.DefaultRequirementsCheckerCallback$Activity
ADDED from [com.estimote:coresdk:1.0.9] AndroidManifest.xml:27:9-29:56
	android:theme
		ADDED from [com.estimote:coresdk:1.0.9] AndroidManifest.xml:29:13-53
	android:name
		ADDED from [com.estimote:coresdk:1.0.9] AndroidManifest.xml:28:13-112
receiver#com.estimote.coresdk.scanning.scheduling.SystemAlarmManager$AlarmBroadcastReceiver
ADDED from [com.estimote:coresdk:1.0.9] AndroidManifest.xml:31:9-119
	android:name
		ADDED from [com.estimote:coresdk:1.0.9] AndroidManifest.xml:31:19-116
meta-data#android.arch.lifecycle.VERSION
ADDED from [android.arch.lifecycle:runtime:1.0.0] AndroidManifest.xml:25:9-27:47
	android:value
		ADDED from [android.arch.lifecycle:runtime:1.0.0] AndroidManifest.xml:27:13-44
	android:name
		ADDED from [android.arch.lifecycle:runtime:1.0.0] AndroidManifest.xml:26:13-58